TN:
SF:src/services/postService.ts
FN:7,(anonymous_8)
FN:11,(anonymous_9)
FN:15,(anonymous_11)
FN:19,(anonymous_13)
FN:23,(anonymous_15)
FN:27,(anonymous_17)
FN:31,(anonymous_19)
FNF:7
FNH:7
FNDA:1,(anonymous_8)
FNDA:1,(anonymous_9)
FNDA:1,(anonymous_11)
FNDA:1,(anonymous_13)
FNDA:1,(anonymous_15)
FNDA:1,(anonymous_17)
FNDA:1,(anonymous_19)
DA:1,1
DA:8,1
DA:12,1
DA:16,1
DA:20,1
DA:24,1
DA:28,1
DA:32,1
DA:36,1
LF:9
LH:9
BRF:0
BRH:0
end_of_record
TN:
SF:src/services/userService.ts
FN:4,(anonymous_8)
FN:7,(anonymous_9)
FN:11,(anonymous_10)
FN:11,(anonymous_11)
FN:15,(anonymous_12)
FN:18,(anonymous_13)
FNF:6
FNH:6
FNDA:1,(anonymous_8)
FNDA:1,(anonymous_9)
FNDA:1,(anonymous_10)
FNDA:1,(anonymous_11)
FNDA:1,(anonymous_12)
FNDA:1,(anonymous_13)
DA:1,1
DA:4,1
DA:7,1
DA:8,1
DA:11,1
DA:12,1
DA:15,1
DA:18,1
DA:19,1
DA:22,1
LF:10
LH:10
BRF:0
BRH:0
end_of_record
