TN:
SF:src/repositories/userRepository.ts
FN:7,(anonymous_7)
FN:23,(anonymous_9)
FN:36,(anonymous_11)
FNF:3
FNH:0
FNDA:0,(anonymous_7)
FNDA:0,(anonymous_9)
FNDA:0,(anonymous_11)
DA:1,1
DA:4,1
DA:6,1
DA:8,0
DA:24,0
DA:37,0
DA:53,1
LF:7
LH:4
BRF:0
BRH:0
end_of_record
TN:
SF:src/services/postService.ts
FN:7,(anonymous_8)
FN:11,(anonymous_9)
FN:15,(anonymous_11)
FN:19,(anonymous_13)
FN:23,(anonymous_15)
FN:27,(anonymous_17)
FN:31,(anonymous_19)
FNF:7
FNH:5
FNDA:1,(anonymous_8)
FNDA:1,(anonymous_9)
FNDA:0,(anonymous_11)
FNDA:1,(anonymous_13)
FNDA:1,(anonymous_15)
FNDA:1,(anonymous_17)
FNDA:0,(anonymous_19)
DA:1,1
DA:8,1
DA:12,1
DA:16,0
DA:20,1
DA:24,1
DA:28,1
DA:32,0
DA:36,1
LF:9
LH:7
BRF:0
BRH:0
end_of_record
TN:
SF:src/services/userService.ts
FN:4,(anonymous_8)
FN:4,(anonymous_9)
FN:8,(anonymous_10)
FN:8,(anonymous_11)
FN:12,(anonymous_12)
FN:12,(anonymous_13)
FNF:6
FNH:6
FNDA:1,(anonymous_8)
FNDA:1,(anonymous_9)
FNDA:1,(anonymous_10)
FNDA:1,(anonymous_11)
FNDA:1,(anonymous_12)
FNDA:1,(anonymous_13)
DA:1,1
DA:4,1
DA:5,1
DA:8,1
DA:9,1
DA:12,1
DA:13,1
DA:16,1
LF:8
LH:8
BRF:0
BRH:0
end_of_record
